<?xml version="1.0" encoding="UTF-8"?>
<!-- Generated by org.testng.reporters.JUnitReportReporter -->
<testsuite hostname="Naveen" failures="0" tests="1" name="listerners.createContactWithOrg" time="76.369" errors="0" timestamp="2025-01-31T20:06:05 IST" skipped="0">
  <testcase classname="listerners.createContactWithOrg" name="createContactWithOrg" time="76.369"/>
</testsuite> <!-- listerners.createContactWithOrg -->
