<?xml version="1.0" encoding="UTF-8"?>
<!-- Generated by org.testng.reporters.JUnitReportReporter -->
<testsuite hostname="Naveen" failures="0" tests="3" name="testNGScript.dataProviderEx1" time="0.030" errors="0" timestamp="2025-01-23T20:22:01 IST" skipped="0">
  <testcase classname="testNGScript.dataProviderEx1" name="bookTickets" time="0.006"/>
  <testcase classname="testNGScript.dataProviderEx1" name="bookTickets" time="0.015"/>
  <testcase classname="testNGScript.dataProviderEx1" name="bookTickets" time="0.009"/>
</testsuite> <!-- testNGScript.dataProviderEx1 -->
