<?xml version="1.0" encoding="UTF-8"?>
<!-- Generated by org.testng.reporters.JUnitReportReporter -->
<testsuite hostname="Naveen" failures="0" tests="1" name="testNGScript.createContactwithOrgnameTest" time="67.149" errors="0" timestamp="2025-01-31T20:00:06 IST" skipped="0">
  <testcase classname="testNGScript.createContactwithOrgnameTest" name="createContactwithOrgnameTest" time="67.149"/>
</testsuite> <!-- testNGScript.createContactwithOrgnameTest -->
