<?xml version="1.0" encoding="UTF-8"?>
<!-- Generated by org.testng.reporters.JUnitReportReporter -->
<testsuite hostname="Naveen" failures="0" tests="3" name="testNGScript.CreateOrgTest" time="147.570" errors="0" timestamp="2025-01-24T20:25:14 IST" skipped="0">
  <testcase classname="testNGScript.CreateOrgTest" name="createOrganization" time="40.885"/>
  <testcase classname="testNGScript.CreateOrgTest" name="createOrganization" time="76.193"/>
  <testcase classname="testNGScript.CreateOrgTest" name="createOrganization" time="30.492"/>
</testsuite> <!-- testNGScript.CreateOrgTest -->
