<?xml version="1.0" encoding="UTF-8"?>
<!-- Generated by org.testng.reporters.JUnitReportReporter -->
<testsuite hostname="Naveen" failures="0" tests="1" name="ExtentReport.createcampaignTest" time="31.335" errors="0" timestamp="2025-01-30T21:59:48 IST" skipped="0">
  <testcase classname="ExtentReport.createcampaignTest" name="createCampaignTest" time="31.335"/>
</testsuite> <!-- ExtentReport.createcampaignTest -->
