<?xml version="1.0" encoding="UTF-8"?>
<!-- Generated by org.testng.reporters.JUnitReportReporter -->
<testsuite hostname="Naveen" failures="0" tests="2" name="testNGScript.regionalRegTest" time="142.841" errors="0" timestamp="2025-01-27T20:05:39 IST" skipped="0">
  <testcase classname="testNGScript.regionalRegTest" name="createCampaignTest" time="105.267"/>
  <testcase classname="testNGScript.regionalRegTest" name="regionalRegTest" time="37.574"/>
</testsuite> <!-- testNGScript.regionalRegTest -->
